2026-01-03 13:43:56.125 WARN  HSMS | connection failed; scheduling reconnect
2026-01-03 13:44:06.131 INFO  HSMS NotConnected -> Connected | state
2026-01-03 13:44:06.136 INFO  HSMS Connected -> Selected | state
2026-01-03 13:44:21.403 INFO  HSMS Selected -> NotConnected | state
2026-01-03 13:44:21.403 WARN  HSMS | connection lost; scheduling reconnect
2026-01-03 13:44:31.418 INFO  HSMS NotConnected -> Connected | state
2026-01-03 13:44:31.420 INFO  HSMS Connected -> Selected | state
2026-01-03 13:44:34.006 INFO  Received | sml=S1F13 W
<L [2] 
  <B [0] >
  <B [1] 0x30>
>. systemBytes=1937 hex=00000011000a810d00000000079101022100210130
2026-01-03 13:48:01.849 INFO  HSMS NotConnected -> Connected | state
2026-01-03 13:48:01.852 INFO  HSMS Connected -> Selected | state
2026-01-03 13:48:05.305 INFO  Received | sml=S1F13 W
<L [2] 
  <B [0] >
  <B [1] 0x30>
>. systemBytes=1938 hex=00000011000a810d00000000079201022100210130
2026-01-03 13:48:05.306 INFO  Sent | sml=S1F14 
<L [0] >. systemBytes=1938 hex=0000000c000a010e0000000007920100
2026-01-03 13:48:33.119 INFO  HSMS NotConnected -> Connected | state
2026-01-03 13:48:33.121 INFO  HSMS Connected -> Selected | state
2026-01-03 13:48:39.059 INFO  Received | sml=S1F13 W
<L [2] 
  <B [0] >
  <B [1] 0x30>
>. systemBytes=1939 hex=00000011000a810d00000000079301022100210130
2026-01-03 13:48:39.059 INFO  Sent | sml=S1F14 
<L [0] >. systemBytes=1939 hex=0000000c000a010e0000000007930100
2026-01-03 13:48:50.030 INFO  Received | sml=S1F1 W. systemBytes=1940 hex=0000000a000a8101000000000794
2026-01-03 13:48:50.030 INFO  Sent | sml=S1F2 
<L [0] >. systemBytes=1940 hex=0000000c000a01020000000007940100
2026-01-03 13:48:54.524 INFO  Received | sml=S2F41 W
<L [2] 
  <A [8] "PP-START">
  <L [0] >
>. systemBytes=1941 hex=00000018000a82290000000007950102410850502d53544152540100
2026-01-03 13:48:54.524 INFO  Sent | sml=S2F42 
<L [0] >. systemBytes=1941 hex=0000000c000a022a0000000007950100
2026-01-03 13:53:56.997 INFO  HSMS Selected -> NotConnected | state
2026-01-03 13:56:15.991 WARN  HSMS | connection failed; scheduling reconnect
2026-01-03 13:56:25.999 INFO  HSMS NotConnected -> Connected | state
2026-01-03 13:56:26.004 INFO  HSMS Connected -> Selected | state
2026-01-03 13:56:42.127 INFO  HSMS Selected -> NotConnected | state
2026-01-03 15:10:49.206 INFO  HSMS NotConnected -> Connected | state
2026-01-03 15:10:49.209 INFO  HSMS Connected -> Selected | state
2026-01-03 15:10:54.352 INFO  HSMS Selected -> NotConnected | state
2026-01-03 15:51:28.263 INFO  HSMS NotConnected -> Connected | state
2026-01-03 15:51:28.267 INFO  HSMS Connected -> Selected | state
2026-01-03 15:51:33.296 INFO  HSMS Selected -> NotConnected | state
2026-01-03 15:57:34.333 WARN  HSMS | connection failed; scheduling reconnect
2026-01-03 15:57:44.345 INFO  HSMS NotConnected -> Connected | state
2026-01-03 15:57:44.349 INFO  HSMS Connected -> Selected | state
2026-01-03 15:57:50.208 INFO  HSMS Selected -> NotConnected | state
2026-01-03 15:57:50.208 WARN  HSMS | connection lost; scheduling reconnect
2026-01-03 15:57:52.995 WARN  HSMS | connection failed; scheduling reconnect
2026-01-03 15:58:03.010 INFO  HSMS NotConnected -> Connected | state
2026-01-03 15:58:03.014 INFO  HSMS Connected -> Selected | state
2026-01-03 15:58:09.026 INFO  HSMS Selected -> NotConnected | state
2026-01-03 16:01:31.459 WARN  HSMS | connection failed; scheduling reconnect
2026-01-03 16:01:41.465 INFO  HSMS NotConnected -> Connected | state
2026-01-03 16:01:41.471 INFO  HSMS Connected -> Selected | state
2026-01-03 16:01:46.287 INFO  HSMS Selected -> NotConnected | state
2026-01-03 16:01:48.456 WARN  HSMS | connection failed; scheduling reconnect
2026-01-03 16:01:58.463 WARN  HSMS | connection failed; scheduling reconnect
2026-01-03 16:02:08.465 WARN  HSMS | connection failed; scheduling reconnect
2026-01-03 16:02:18.481 WARN  HSMS | connection failed; scheduling reconnect
2026-01-03 16:02:28.482 WARN  HSMS | connection failed; scheduling reconnect
2026-01-03 16:02:38.489 WARN  HSMS | connection failed; scheduling reconnect
2026-01-03 16:02:48.504 WARN  HSMS | connection failed; scheduling reconnect
2026-01-03 16:02:58.519 WARN  HSMS | connection failed; scheduling reconnect
2026-01-03 16:03:08.522 WARN  HSMS | connection failed; scheduling reconnect
2026-01-03 16:03:18.526 WARN  HSMS | connection failed; scheduling reconnect
2026-01-03 16:03:28.537 WARN  HSMS | connection failed; scheduling reconnect
2026-01-03 16:03:38.552 WARN  HSMS | connection failed; scheduling reconnect
2026-01-03 16:03:48.554 WARN  HSMS | connection failed; scheduling reconnect
2026-01-03 16:03:58.564 WARN  HSMS | connection failed; scheduling reconnect
2026-01-03 16:04:08.570 WARN  HSMS | connection failed; scheduling reconnect
2026-01-03 16:04:18.576 WARN  HSMS | connection failed; scheduling reconnect
2026-01-03 16:04:28.578 WARN  HSMS | connection failed; scheduling reconnect
2026-01-03 16:04:38.592 WARN  HSMS | connection failed; scheduling reconnect
2026-01-03 16:04:48.602 WARN  HSMS | connection failed; scheduling reconnect
2026-01-03 16:04:58.614 WARN  HSMS | connection failed; scheduling reconnect
2026-01-03 16:05:08.627 WARN  HSMS | connection failed; scheduling reconnect
2026-01-03 16:05:18.633 WARN  HSMS | connection failed; scheduling reconnect
2026-01-03 16:05:28.643 WARN  HSMS | connection failed; scheduling reconnect
2026-01-03 16:05:38.654 WARN  HSMS | connection failed; scheduling reconnect
2026-01-03 16:05:48.658 WARN  HSMS | connection failed; scheduling reconnect
2026-01-03 16:05:58.662 WARN  HSMS | connection failed; scheduling reconnect
2026-01-03 16:06:08.664 WARN  HSMS | connection failed; scheduling reconnect
2026-01-03 16:06:18.669 WARN  HSMS | connection failed; scheduling reconnect
2026-01-03 16:06:28.672 WARN  HSMS | connection failed; scheduling reconnect
2026-01-03 16:06:38.673 WARN  HSMS | connection failed; scheduling reconnect
2026-01-03 16:06:48.682 WARN  HSMS | connection failed; scheduling reconnect
2026-01-03 16:06:58.693 WARN  HSMS | connection failed; scheduling reconnect
2026-01-03 16:07:08.708 WARN  HSMS | connection failed; scheduling reconnect
2026-01-03 16:07:18.715 WARN  HSMS | connection failed; scheduling reconnect
2026-01-03 16:07:28.725 WARN  HSMS | connection failed; scheduling reconnect
2026-01-03 16:07:38.739 WARN  HSMS | connection failed; scheduling reconnect
2026-01-03 16:07:48.746 WARN  HSMS | connection failed; scheduling reconnect
2026-01-03 16:07:58.754 WARN  HSMS | connection failed; scheduling reconnect
2026-01-03 16:08:08.757 WARN  HSMS | connection failed; scheduling reconnect
2026-01-03 16:08:18.772 WARN  HSMS | connection failed; scheduling reconnect
2026-01-03 16:08:28.781 WARN  HSMS | connection failed; scheduling reconnect
2026-01-03 16:08:38.782 WARN  HSMS | connection failed; scheduling reconnect
2026-01-03 16:08:48.798 WARN  HSMS | connection failed; scheduling reconnect
2026-01-03 16:08:58.805 WARN  HSMS | connection failed; scheduling reconnect
2026-01-03 16:09:08.818 WARN  HSMS | connection failed; scheduling reconnect
2026-01-03 16:09:18.828 WARN  HSMS | connection failed; scheduling reconnect
2026-01-03 16:09:28.839 WARN  HSMS | connection failed; scheduling reconnect
2026-01-03 16:09:38.845 WARN  HSMS | connection failed; scheduling reconnect
2026-01-03 16:09:48.849 WARN  HSMS | connection failed; scheduling reconnect
2026-01-03 16:09:58.862 WARN  HSMS | connection failed; scheduling reconnect
2026-01-03 16:10:08.868 WARN  HSMS | connection failed; scheduling reconnect
2026-01-03 16:10:18.873 WARN  HSMS | connection failed; scheduling reconnect
2026-01-03 16:10:28.880 WARN  HSMS | connection failed; scheduling reconnect
2026-01-03 16:10:38.892 WARN  HSMS | connection failed; scheduling reconnect
2026-01-03 16:10:48.900 WARN  HSMS | connection failed; scheduling reconnect
2026-01-03 16:10:58.910 WARN  HSMS | connection failed; scheduling reconnect
2026-01-03 16:11:08.914 WARN  HSMS | connection failed; scheduling reconnect
2026-01-03 16:11:18.924 WARN  HSMS | connection failed; scheduling reconnect
2026-01-03 16:11:28.926 WARN  HSMS | connection failed; scheduling reconnect
2026-01-03 16:11:38.937 WARN  HSMS | connection failed; scheduling reconnect
2026-01-03 16:11:48.941 WARN  HSMS | connection failed; scheduling reconnect
2026-01-03 16:11:58.951 WARN  HSMS | connection failed; scheduling reconnect
2026-01-03 16:12:08.957 WARN  HSMS | connection failed; scheduling reconnect
2026-01-03 16:12:18.972 WARN  HSMS | connection failed; scheduling reconnect
2026-01-03 16:12:28.976 WARN  HSMS | connection failed; scheduling reconnect
2026-01-03 16:12:38.987 WARN  HSMS | connection failed; scheduling reconnect
2026-01-03 16:12:48.991 WARN  HSMS | connection failed; scheduling reconnect
2026-01-03 16:12:58.994 WARN  HSMS | connection failed; scheduling reconnect
2026-01-03 16:13:09.002 WARN  HSMS | connection failed; scheduling reconnect
2026-01-03 16:13:19.009 WARN  HSMS | connection failed; scheduling reconnect
2026-01-03 16:13:29.021 WARN  HSMS | connection failed; scheduling reconnect
2026-01-03 16:13:39.037 WARN  HSMS | connection failed; scheduling reconnect
2026-01-03 16:13:49.043 WARN  HSMS | connection failed; scheduling reconnect
2026-01-03 16:13:59.052 WARN  HSMS | connection failed; scheduling reconnect
2026-01-03 16:14:09.058 WARN  HSMS | connection failed; scheduling reconnect
2026-01-03 16:14:19.072 WARN  HSMS | connection failed; scheduling reconnect
2026-01-03 16:14:29.081 WARN  HSMS | connection failed; scheduling reconnect
2026-01-03 16:14:39.097 WARN  HSMS | connection failed; scheduling reconnect
2026-01-03 16:14:49.100 WARN  HSMS | connection failed; scheduling reconnect
2026-01-03 16:14:59.103 WARN  HSMS | connection failed; scheduling reconnect
2026-01-03 16:15:09.118 WARN  HSMS | connection failed; scheduling reconnect
2026-01-03 16:15:19.125 WARN  HSMS | connection failed; scheduling reconnect
2026-01-03 16:15:29.135 WARN  HSMS | connection failed; scheduling reconnect
2026-01-03 16:15:39.149 WARN  HSMS | connection failed; scheduling reconnect
2026-01-03 16:15:49.164 WARN  HSMS | connection failed; scheduling reconnect
2026-01-03 16:15:59.166 WARN  HSMS | connection failed; scheduling reconnect
2026-01-03 16:16:09.179 WARN  HSMS | connection failed; scheduling reconnect
2026-01-03 16:16:19.180 WARN  HSMS | connection failed; scheduling reconnect
2026-01-03 16:16:29.186 WARN  HSMS | connection failed; scheduling reconnect
2026-01-03 16:16:39.188 WARN  HSMS | connection failed; scheduling reconnect
2026-01-03 16:16:49.203 WARN  HSMS | connection failed; scheduling reconnect
2026-01-03 16:16:59.210 WARN  HSMS | connection failed; scheduling reconnect
