2026-01-03 13:43:11.059 INFO  HSMS NotConnected -> Connected | state
2026-01-03 13:43:11.061 INFO  HSMS Connected -> Selected | state
2026-01-03 13:43:13.878 INFO  Received | sml=S1F13 W
<L [2] 
  <B [0] >
  <B [1] 0x30>
>. systemBytes=1935 hex=00000011000a810d00000000078f01022100210130
2026-01-03 13:43:24.368 INFO  HSMS Selected -> Connected | state
2026-01-03 13:43:24.369 INFO  HSMS Connected -> NotConnected | state
2026-01-03 13:44:06.133 INFO  HSMS NotConnected -> Connected | state
2026-01-03 13:44:06.133 INFO  HSMS Connected -> Selected | state
2026-01-03 13:44:21.404 INFO  HSMS Selected -> NotConnected | state
2026-01-03 13:56:26.003 INFO  HSMS NotConnected -> Connected | state
2026-01-03 13:56:26.003 INFO  HSMS Connected -> Selected | state
2026-01-03 13:56:42.126 INFO  HSMS Selected -> NotConnected | state
2026-01-03 15:10:49.207 INFO  HSMS NotConnected -> Connected | state
2026-01-03 15:10:49.208 INFO  HSMS Connected -> Selected | state
2026-01-03 15:10:54.352 INFO  HSMS Selected -> NotConnected | state
2026-01-03 15:51:28.265 INFO  HSMS NotConnected -> Connected | state
2026-01-03 15:51:28.265 INFO  HSMS Connected -> Selected | state
2026-01-03 15:51:33.295 INFO  HSMS Selected -> NotConnected | state
2026-01-03 15:57:44.347 INFO  HSMS NotConnected -> Connected | state
2026-01-03 15:57:44.347 INFO  HSMS Connected -> Selected | state
2026-01-03 15:57:50.208 INFO  HSMS Selected -> NotConnected | state
2026-01-03 15:58:03.012 INFO  HSMS NotConnected -> Connected | state
2026-01-03 15:58:03.013 INFO  HSMS Connected -> Selected | state
2026-01-03 15:58:09.025 INFO  HSMS Selected -> NotConnected | state
2026-01-03 16:01:41.467 INFO  HSMS NotConnected -> Connected | state
2026-01-03 16:01:41.468 INFO  HSMS Connected -> Selected | state
2026-01-03 16:01:46.286 INFO  HSMS Selected -> NotConnected | state
